<?xml version="1.0" encoding="UTF-8"?>
<!-- Generated by org.testng.reporters.JUnitXMLReporter -->
<testsuite hostname="MazeedL003" ignored="0" name="TestOnChrome" tests="1" failures="0" timestamp="23 Oct 2019 12:28:58 GMT" time="0.03" errors="0">
  <testcase name="@BeforeSuite OpenBrowser" time="0.0" classname="testscript.TestBase">
    <failure type="org.testng.TestNGException" message="
Parameter &amp;apos;browser&amp;apos; is required by BeforeSuite on method OpenBrowser but has not been marked @Optional or defined
in B:\My Files\Automation\Workspace\TAF\TESTNG.xml">
      <![CDATA[org.testng.TestNGException: 
Parameter 'browser' is required by BeforeSuite on method OpenBrowser but has not been marked @Optional or defined
in B:\My Files\Automation\Workspace\TAF\TESTNG.xml
... Removed 17 stack frames]]>
    </failure>
  </testcase> <!-- @BeforeSuite OpenBrowser -->
  <testcase name="@AfterMethod TakeScreenShotTest" time="0.0" classname="testscript.TestBase">
    <skipped/>
  </testcase> <!-- @AfterMethod TakeScreenShotTest -->
  <testcase name="@AfterMethod TakeScreenShotTest" time="0.0" classname="testscript.TestBase">
    <skipped/>
  </testcase> <!-- @AfterMethod TakeScreenShotTest -->
  <testcase name="UserRegistrationSucessfully" time="0.0" classname="testscript.UserRegistrationTestWithFakeData">
    <skipped/>
  </testcase> <!-- UserRegistrationSucessfully -->
</testsuite> <!-- TestOnChrome -->
